2011-03-09 19:39:23,547 DEBUG Directory exists: [c:\productcatalog]. [ProductCatalog.Shared.FileSystemConfiguration] [3976] 
2011-03-09 19:39:23,578 DEBUG Directory exists: [c:\productcatalog\archive]. [ProductCatalog.Shared.FileSystemConfiguration] [3976] 
2011-03-09 19:39:23,594 DEBUG Directory exists: [c:\productcatalog\entries]. [ProductCatalog.Shared.FileSystemConfiguration] [3976] 
2011-03-09 19:39:23,719 INFO  Service initialized. Repository: [ProductCatalog.Notifications.Model.Repository]. [ProductCatalog.Notifications.NotificationsService] [3976] 
2011-03-09 19:39:23,734 DEBUG Starting host... [ProductCatalog.Notifications.Service.ServiceHost] [3976] 
2011-03-09 19:39:23,750 DEBUG Base uri: [http://localhost/product-catalog/notifications/]. [ProductCatalog.Notifications.Service.ServiceHost] [3608] 
2011-03-09 19:39:31,609 DEBUG Disposing ScheduledTimer... [ProductCatalog.Writer.ScheduledTimer] [3976] 
2011-03-09 19:39:31,625 DEBUG Disposing FeedWriter... [ProductCatalog.Writer.FeedWriter] [3976] 
2011-03-09 19:39:31,656 DEBUG Disposing ServiceHost... [ProductCatalog.Notifications.Service.ServiceHost] [3976] 
2011-03-09 19:39:31,672 WARN  Shutting down... [ProductCatalog.Notifications.Service.ServiceHost] [3608] 
2011-03-09 19:40:00,063 DEBUG Directory exists: [c:\productcatalog]. [ProductCatalog.Shared.FileSystemConfiguration] [3308] 
2011-03-09 19:40:00,110 DEBUG Directory exists: [c:\productcatalog\archive]. [ProductCatalog.Shared.FileSystemConfiguration] [3308] 
2011-03-09 19:40:00,188 DEBUG Directory exists: [c:\productcatalog\entries]. [ProductCatalog.Shared.FileSystemConfiguration] [3308] 
2011-03-09 19:40:00,360 INFO  Service initialized. Repository: [ProductCatalog.Notifications.Model.Repository]. [ProductCatalog.Notifications.NotificationsService] [3308] 
2011-03-09 19:40:00,376 DEBUG Starting host... [ProductCatalog.Notifications.Service.ServiceHost] [3308] 
2011-03-09 19:40:00,407 DEBUG Base uri: [http://localhost/product-catalog/notifications/]. [ProductCatalog.Notifications.Service.ServiceHost] [288] 
2011-03-09 19:40:10,360 DEBUG Started feed writing. [ProductCatalog.Writer.Tasks.QueryingEvents] [1592] 
2011-03-09 19:40:10,423 DEBUG Querying events. Number of events found: [4]. [ProductCatalog.Writer.Tasks.QueryingEvents] [1592] 
2011-03-09 19:40:10,423 DEBUG Identifying recent events feed. [ProductCatalog.Writer.Tasks.IdentifyingRecentEventsFeed] [1592] 
2011-03-09 19:40:10,876 DEBUG Found recent events feed. Current feed. Id: [3]. FileName: [6de2d77c-97a2-465d-a6b7-c3b5b6495420.atom]. Number of entries: [6]. [ProductCatalog.Writer.Tasks.IdentifyingRecentEventsFeed] [1592] 
2011-03-09 19:40:10,891 DEBUG Updating recent events feed. Current feed. Id: [3]. FileName: [6de2d77c-97a2-465d-a6b7-c3b5b6495420.atom]. Number of entries: [6]. [ProductCatalog.Writer.Tasks.UpdatingRecentEventsFeed] [1592] 
2011-03-09 19:40:10,938 DEBUG Requerying events. Number of events found: [0]. [ProductCatalog.Writer.Tasks.RequeryingEvents] [1592] 
2011-03-09 19:40:10,954 DEBUG Saving recent events feed. Current feed. Id: [3]. FileName: [6de2d77c-97a2-465d-a6b7-c3b5b6495420.atom]. Number of entries: [10]. [ProductCatalog.Writer.Tasks.SavingRecentEventsFeed] [1592] 
2011-03-09 19:40:11,079 DEBUG Notifying listeners. [ProductCatalog.Writer.Tasks.NotifyingListeners] [1592] 
2011-03-09 19:40:11,095 DEBUG Cleaning up current directory. [ProductCatalog.Writer.Persistence.Reaper] [1592] 
2011-03-09 19:40:11,110 DEBUG Start deleting files. Directory: [c:\productcatalog]. [ProductCatalog.Writer.Persistence.Directory] [1592] 
2011-03-09 19:40:11,173 DEBUG Deleting file. FileName: [2a752729-1d80-419f-9631-916d65f58d77.atom]. [ProductCatalog.Writer.Persistence.Directory] [1592] 
2011-03-09 19:40:11,188 DEBUG Deleting file. FileName: [4b58b9f0-7902-4413-9c01-b9cd933232a6.atom]. [ProductCatalog.Writer.Persistence.Directory] [1592] 
2011-03-09 19:40:11,188 DEBUG Deleting file. FileName: [a7a10e55-279f-4abe-89fd-a553f47323d1.atom]. [ProductCatalog.Writer.Persistence.Directory] [1592] 
2011-03-09 19:40:11,204 DEBUG Deleting file. FileName: [e2526ed8-a101-4084-8276-fce18d4c20b6.atom]. [ProductCatalog.Writer.Persistence.Directory] [1592] 
2011-03-09 19:40:11,235 DEBUG Deleting file. FileName: [fc1adf17-ee83-4fba-a7bb-c79e96dd0387.atom]. [ProductCatalog.Writer.Persistence.Directory] [1592] 
2011-03-09 19:40:11,235 DEBUG End deleting files. [ProductCatalog.Writer.Persistence.Directory] [1592] 
2011-03-09 19:40:11,235 DEBUG FeedMappingsChanged event. ResourceId: [3]. StoreId: [6de2d77c-97a2-465d-a6b7-c3b5b6495420.atom]. [ProductCatalog.Notifications.Model.Repository] [1592] 
2011-03-09 19:40:11,251 DEBUG Finished feed writing. [ProductCatalog.Writer.Tasks.Terminate] [1592] 
2011-03-09 19:40:15,235 DEBUG Disposing ScheduledTimer... [ProductCatalog.Writer.ScheduledTimer] [3308] 
2011-03-09 19:40:15,313 DEBUG Disposing FeedWriter... [ProductCatalog.Writer.FeedWriter] [3308] 
2011-03-09 19:40:15,329 DEBUG Disposing ServiceHost... [ProductCatalog.Notifications.Service.ServiceHost] [3308] 
